2015-05-19 16:54:46,123 [main] WARN  com.baidu.selenium.support.internal.DefaultDriverFactory - Maximize browser failed.
2015-05-19 16:54:46,224 [main] WARN  com.baidu.selenium.support.internal.DefaultDriverFactory - Error communicating with the remote browser. It may have died.
Build info: version: '2.21.0', revision: '16552', time: '2012-04-11 19:08:38'
System info: os.name: 'Windows 7', os.arch: 'x86', os.version: '6.1', java.version: '1.8.0_40'
Driver info: driver.version: RemoteWebDriver
org.openqa.selenium.remote.UnreachableBrowserException: Error communicating with the remote browser. It may have died.
Build info: version: '2.21.0', revision: '16552', time: '2012-04-11 19:08:38'
System info: os.name: 'Windows 7', os.arch: 'x86', os.version: '6.1', java.version: '1.8.0_40'
Driver info: driver.version: RemoteWebDriver
	at org.openqa.selenium.remote.RemoteWebDriver.execute(RemoteWebDriver.java:454) ~[selenium-server-standalone-2.21.0.jar:na]
	at org.openqa.selenium.remote.RemoteWebDriver$RemoteWebDriverOptions$RemoteWindow.setPosition(RemoteWebDriver.java:628) ~[selenium-server-standalone-2.21.0.jar:na]
	at com.baidu.selenium.support.internal.DefaultDriverFactory.setDefaultOptions(DefaultDriverFactory.java:133) [seleniumframework-1.0.3.jar:na]
	at com.baidu.selenium.support.internal.DefaultDriverFactory.getDriver(DefaultDriverFactory.java:43) [seleniumframework-1.0.3.jar:na]
	at com.baidu.selenium.test.TestBase.resetDriver(TestBase.java:61) [seleniumframework-1.0.3.jar:na]
	at com.baidu.selenium.test.TestBase.setUpTestBase(TestBase.java:32) [seleniumframework-1.0.3.jar:na]
	at sun.reflect.NativeMethodAccessorImpl.invoke0(Native Method) ~[na:1.8.0_40]
	at sun.reflect.NativeMethodAccessorImpl.invoke(Unknown Source) ~[na:1.8.0_40]
	at sun.reflect.DelegatingMethodAccessorImpl.invoke(Unknown Source) ~[na:1.8.0_40]
	at java.lang.reflect.Method.invoke(Unknown Source) ~[na:1.8.0_40]
	at org.testng.internal.MethodInvocationHelper.invokeMethod(MethodInvocationHelper.java:84) [testng.jar:6.8.7beta-201309140723]
	at org.testng.internal.Invoker.invokeConfigurationMethod(Invoker.java:564) [testng.jar:6.8.7beta-201309140723]
	at org.testng.internal.Invoker.invokeConfigurations(Invoker.java:213) [testng.jar:6.8.7beta-201309140723]
	at org.testng.internal.Invoker.invokeConfigurations(Invoker.java:138) [testng.jar:6.8.7beta-201309140723]
	at org.testng.internal.TestMethodWorker.invokeBeforeClassMethods(TestMethodWorker.java:175) [testng.jar:6.8.7beta-201309140723]
	at org.testng.internal.TestMethodWorker.run(TestMethodWorker.java:107) [testng.jar:6.8.7beta-201309140723]
	at org.testng.TestRunner.privateRun(TestRunner.java:767) [testng.jar:6.8.7beta-201309140723]
	at org.testng.TestRunner.run(TestRunner.java:617) [testng.jar:6.8.7beta-201309140723]
	at org.testng.SuiteRunner.runTest(SuiteRunner.java:334) [testng.jar:6.8.7beta-201309140723]
	at org.testng.SuiteRunner.runSequentially(SuiteRunner.java:329) [testng.jar:6.8.7beta-201309140723]
	at org.testng.SuiteRunner.privateRun(SuiteRunner.java:291) [testng.jar:6.8.7beta-201309140723]
	at org.testng.SuiteRunner.run(SuiteRunner.java:240) [testng.jar:6.8.7beta-201309140723]
	at org.testng.SuiteRunnerWorker.runSuite(SuiteRunnerWorker.java:52) [testng.jar:6.8.7beta-201309140723]
	at org.testng.SuiteRunnerWorker.run(SuiteRunnerWorker.java:86) [testng.jar:6.8.7beta-201309140723]
	at org.testng.TestNG.runSuitesSequentially(TestNG.java:1224) [testng.jar:6.8.7beta-201309140723]
	at org.testng.TestNG.runSuitesLocally(TestNG.java:1149) [testng.jar:6.8.7beta-201309140723]
	at org.testng.TestNG.run(TestNG.java:1057) [testng.jar:6.8.7beta-201309140723]
	at org.testng.remote.RemoteTestNG.run(RemoteTestNG.java:111) [testng.jar:6.8.7beta-201309140723]
	at org.testng.remote.RemoteTestNG.initAndRun(RemoteTestNG.java:204) [testng.jar:6.8.7beta-201309140723]
	at org.testng.remote.RemoteTestNG.main(RemoteTestNG.java:175) [testng.jar:6.8.7beta-201309140723]
Caused by: org.apache.http.conn.HttpHostConnectException: Connection to http://127.0.0.1:7055 refused
	at org.apache.http.impl.conn.DefaultClientConnectionOperator.openConnection(DefaultClientConnectionOperator.java:158) ~[selenium-server-standalone-2.21.0.jar:na]
	at org.apache.http.impl.conn.AbstractPoolEntry.open(AbstractPoolEntry.java:150) ~[selenium-server-standalone-2.21.0.jar:na]
	at org.apache.http.impl.conn.AbstractPooledConnAdapter.open(AbstractPooledConnAdapter.java:121) ~[selenium-server-standalone-2.21.0.jar:na]
	at org.apache.http.impl.client.DefaultRequestDirector.tryConnect(DefaultRequestDirector.java:575) ~[selenium-server-standalone-2.21.0.jar:na]
	at org.apache.http.impl.client.DefaultRequestDirector.execute(DefaultRequestDirector.java:425) ~[selenium-server-standalone-2.21.0.jar:na]
	at org.apache.http.impl.client.AbstractHttpClient.execute(AbstractHttpClient.java:820) ~[selenium-server-standalone-2.21.0.jar:na]
	at org.openqa.selenium.remote.HttpCommandExecutor.fallBackExecute(HttpCommandExecutor.java:303) ~[selenium-server-standalone-2.21.0.jar:na]
	at org.openqa.selenium.remote.HttpCommandExecutor.execute(HttpCommandExecutor.java:282) ~[selenium-server-standalone-2.21.0.jar:na]
	at org.openqa.selenium.firefox.internal.NewProfileExtensionConnection.execute(NewProfileExtensionConnection.java:129) ~[selenium-server-standalone-2.21.0.jar:na]
	at org.openqa.selenium.firefox.FirefoxDriver$LazyCommandExecutor.execute(FirefoxDriver.java:279) ~[selenium-server-standalone-2.21.0.jar:na]
	at org.openqa.selenium.remote.RemoteWebDriver.execute(RemoteWebDriver.java:432) ~[selenium-server-standalone-2.21.0.jar:na]
	... 29 common frames omitted
Caused by: java.net.ConnectException: Connection timed out: connect
	at java.net.DualStackPlainSocketImpl.waitForConnect(Native Method) ~[na:1.8.0_40]
	at java.net.DualStackPlainSocketImpl.socketConnect(Unknown Source) ~[na:1.8.0_40]
	at java.net.AbstractPlainSocketImpl.doConnect(Unknown Source) ~[na:1.8.0_40]
	at java.net.AbstractPlainSocketImpl.connectToAddress(Unknown Source) ~[na:1.8.0_40]
	at java.net.AbstractPlainSocketImpl.connect(Unknown Source) ~[na:1.8.0_40]
	at java.net.PlainSocketImpl.connect(Unknown Source) ~[na:1.8.0_40]
	at java.net.SocksSocketImpl.connect(Unknown Source) ~[na:1.8.0_40]
	at java.net.Socket.connect(Unknown Source) ~[na:1.8.0_40]
	at org.apache.http.conn.scheme.PlainSocketFactory.connectSocket(PlainSocketFactory.java:123) ~[selenium-server-standalone-2.21.0.jar:na]
	at org.apache.http.impl.conn.DefaultClientConnectionOperator.openConnection(DefaultClientConnectionOperator.java:148) ~[selenium-server-standalone-2.21.0.jar:na]
	... 39 common frames omitted
